Command line invocation:
    /Applications/Xcode.app/Contents/Developer/usr/bin/xcodebuild -project camera.xcodeproj -scheme camera -sdk iphonesimulator -destination "platform=iOS Simulator,name=iPhone 16 Pro,OS=18.4" clean build

Build settings from command line:
    SDKROOT = iphonesimulator18.4

ComputePackagePrebuildTargetDependencyGraph

CreateBuildRequest

SendProjectDescription

CreateBuildOperation

** CLEAN SUCCEEDED **

ComputePackagePrebuildTargetDependencyGraph

Prepare packages

CreateBuildRequest

SendProjectDescription

CreateBuildOperation

ComputeTargetDependencyGraph
note: Building targets in dependency order
note: Target dependency graph (1 target)
    Target 'camera' in project 'camera' (no dependencies)

GatherProvisioningInputs

CreateBuildDescription

ExecuteExternalTool /Applications/Xcode.app/Contents/Developer/Toolchains/XcodeDefault.xctoolchain/usr/bin/clang -v -E -dM -isysroot /Applications/Xcode.app/Contents/Developer/Platforms/iPhoneSimulator.platform/Developer/SDKs/iPhoneSimulator18.4.sdk -x c -c /dev/null

ExecuteExternalTool /Applications/Xcode.app/Contents/Developer/usr/bin/momc --dry-run --action generate --swift-version 5.0 --sdkroot /Applications/Xcode.app/Contents/Developer/Platforms/iPhoneSimulator.platform/Developer/SDKs/iPhoneSimulator18.4.sdk --iphonesimulator-deployment-target 18.2 --module camera /Users/m2mini/Documents/GitHub/camera/camera/camera.xcdatamodeld /Users/m2mini/Library/Developer/Xcode/DerivedData/camera-dzsjgcxmiksdkugqocrwgelqbpbn/Build/Intermediates.noindex/camera.build/Debug-iphonesimulator/camera.build/DerivedSources/CoreDataGenerated/camera

ExecuteExternalTool /Applications/Xcode.app/Contents/Developer/usr/bin/actool --print-asset-tag-combinations --output-format xml1 /Users/m2mini/Documents/GitHub/camera/camera/Assets.xcassets /Users/m2mini/Documents/GitHub/camera/camera/Preview Content/Preview Assets.xcassets

ExecuteExternalTool /Applications/Xcode.app/Contents/Developer/usr/bin/actool --version --output-format xml1

ExecuteExternalTool /Applications/Xcode.app/Contents/Developer/Toolchains/XcodeDefault.xctoolchain/usr/bin/swiftc --version

ExecuteExternalTool /Applications/Xcode.app/Contents/Developer/Toolchains/XcodeDefault.xctoolchain/usr/bin/ld -version_details

Build description signature: 7d04852c3715441096ab88c24a6972c2
Build description path: /Users/m2mini/Library/Developer/Xcode/DerivedData/camera-dzsjgcxmiksdkugqocrwgelqbpbn/Build/Intermediates.noindex/XCBuildData/7d04852c3715441096ab88c24a6972c2.xcbuilddata
ClangStatCache /Applications/Xcode.app/Contents/Developer/Toolchains/XcodeDefault.xctoolchain/usr/bin/clang-stat-cache /Applications/Xcode.app/Contents/Developer/Platforms/iPhoneSimulator.platform/Developer/SDKs/iPhoneSimulator18.4.sdk /Users/m2mini/Library/Developer/Xcode/DerivedData/SDKStatCaches.noindex/iphonesimulator18.4-22E235-71825a6d136aa4733edcbe86ece5525b.sdkstatcache
    cd /Users/m2mini/Documents/GitHub/camera/camera.xcodeproj
    /Applications/Xcode.app/Contents/Developer/Toolchains/XcodeDefault.xctoolchain/usr/bin/clang-stat-cache /Applications/Xcode.app/Contents/Developer/Platforms/iPhoneSimulator.platform/Developer/SDKs/iPhoneSimulator18.4.sdk -o /Users/m2mini/Library/Developer/Xcode/DerivedData/SDKStatCaches.noindex/iphonesimulator18.4-22E235-71825a6d136aa4733edcbe86ece5525b.sdkstatcache

CreateBuildDirectory /Users/m2mini/Library/Developer/Xcode/DerivedData/camera-dzsjgcxmiksdkugqocrwgelqbpbn/Build/Intermediates.noindex
    cd /Users/m2mini/Documents/GitHub/camera/camera.xcodeproj
    builtin-create-build-directory /Users/m2mini/Library/Developer/Xcode/DerivedData/camera-dzsjgcxmiksdkugqocrwgelqbpbn/Build/Intermediates.noindex

CreateBuildDirectory /Users/m2mini/Library/Developer/Xcode/DerivedData/camera-dzsjgcxmiksdkugqocrwgelqbpbn/Build/Products
    cd /Users/m2mini/Documents/GitHub/camera/camera.xcodeproj
    builtin-create-build-directory /Users/m2mini/Library/Developer/Xcode/DerivedData/camera-dzsjgcxmiksdkugqocrwgelqbpbn/Build/Products

CreateBuildDirectory /Users/m2mini/Library/Developer/Xcode/DerivedData/camera-dzsjgcxmiksdkugqocrwgelqbpbn/Build/Products/Debug-iphonesimulator
    cd /Users/m2mini/Documents/GitHub/camera/camera.xcodeproj
    builtin-create-build-directory /Users/m2mini/Library/Developer/Xcode/DerivedData/camera-dzsjgcxmiksdkugqocrwgelqbpbn/Build/Products/Debug-iphonesimulator

CreateBuildDirectory /Users/m2mini/Library/Developer/Xcode/DerivedData/camera-dzsjgcxmiksdkugqocrwgelqbpbn/Build/Intermediates.noindex/EagerLinkingTBDs/Debug-iphonesimulator
    cd /Users/m2mini/Documents/GitHub/camera/camera.xcodeproj
    builtin-create-build-directory /Users/m2mini/Library/Developer/Xcode/DerivedData/camera-dzsjgcxmiksdkugqocrwgelqbpbn/Build/Intermediates.noindex/EagerLinkingTBDs/Debug-iphonesimulator

WriteAuxiliaryFile /Users/m2mini/Library/Developer/Xcode/DerivedData/camera-dzsjgcxmiksdkugqocrwgelqbpbn/Build/Intermediates.noindex/camera.build/Debug-iphonesimulator/camera-856b5b0132085a202d9453808c8add35-VFS-iphonesimulator/all-product-headers.yaml
    cd /Users/m2mini/Documents/GitHub/camera/camera.xcodeproj
    write-file /Users/m2mini/Library/Developer/Xcode/DerivedData/camera-dzsjgcxmiksdkugqocrwgelqbpbn/Build/Intermediates.noindex/camera.build/Debug-iphonesimulator/camera-856b5b0132085a202d9453808c8add35-VFS-iphonesimulator/all-product-headers.yaml

WriteAuxiliaryFile /Users/m2mini/Library/Developer/Xcode/DerivedData/camera-dzsjgcxmiksdkugqocrwgelqbpbn/Build/Intermediates.noindex/camera.build/Debug-iphonesimulator/camera.build/camera-generated-files.hmap (in target 'camera' from project 'camera')
    cd /Users/m2mini/Documents/GitHub/camera
    write-file /Users/m2mini/Library/Developer/Xcode/DerivedData/camera-dzsjgcxmiksdkugqocrwgelqbpbn/Build/Intermediates.noindex/camera.build/Debug-iphonesimulator/camera.build/camera-generated-files.hmap

WriteAuxiliaryFile /Users/m2mini/Library/Developer/Xcode/DerivedData/camera-dzsjgcxmiksdkugqocrwgelqbpbn/Build/Intermediates.noindex/camera.build/Debug-iphonesimulator/camera.build/camera.DependencyMetadataFileList (in target 'camera' from project 'camera')
    cd /Users/m2mini/Documents/GitHub/camera
    write-file /Users/m2mini/Library/Developer/Xcode/DerivedData/camera-dzsjgcxmiksdkugqocrwgelqbpbn/Build/Intermediates.noindex/camera.build/Debug-iphonesimulator/camera.build/camera.DependencyMetadataFileList

WriteAuxiliaryFile /Users/m2mini/Library/Developer/Xcode/DerivedData/camera-dzsjgcxmiksdkugqocrwgelqbpbn/Build/Intermediates.noindex/camera.build/Debug-iphonesimulator/camera.build/camera-own-target-headers.hmap (in target 'camera' from project 'camera')
    cd /Users/m2mini/Documents/GitHub/camera
    write-file /Users/m2mini/Library/Developer/Xcode/DerivedData/camera-dzsjgcxmiksdkugqocrwgelqbpbn/Build/Intermediates.noindex/camera.build/Debug-iphonesimulator/camera.build/camera-own-target-headers.hmap

WriteAuxiliaryFile /Users/m2mini/Library/Developer/Xcode/DerivedData/camera-dzsjgcxmiksdkugqocrwgelqbpbn/Build/Intermediates.noindex/camera.build/Debug-iphonesimulator/camera.build/camera-project-headers.hmap (in target 'camera' from project 'camera')
    cd /Users/m2mini/Documents/GitHub/camera
    write-file /Users/m2mini/Library/Developer/Xcode/DerivedData/camera-dzsjgcxmiksdkugqocrwgelqbpbn/Build/Intermediates.noindex/camera.build/Debug-iphonesimulator/camera.build/camera-project-headers.hmap

WriteAuxiliaryFile /Users/m2mini/Library/Developer/Xcode/DerivedData/camera-dzsjgcxmiksdkugqocrwgelqbpbn/Build/Intermediates.noindex/camera.build/Debug-iphonesimulator/camera.build/camera-all-target-headers.hmap (in target 'camera' from project 'camera')
    cd /Users/m2mini/Documents/GitHub/camera
    write-file /Users/m2mini/Library/Developer/Xcode/DerivedData/camera-dzsjgcxmiksdkugqocrwgelqbpbn/Build/Intermediates.noindex/camera.build/Debug-iphonesimulator/camera.build/camera-all-target-headers.hmap

WriteAuxiliaryFile /Users/m2mini/Library/Developer/Xcode/DerivedData/camera-dzsjgcxmiksdkugqocrwgelqbpbn/Build/Intermediates.noindex/camera.build/Debug-iphonesimulator/camera.build/camera.hmap (in target 'camera' from project 'camera')
    cd /Users/m2mini/Documents/GitHub/camera
    write-file /Users/m2mini/Library/Developer/Xcode/DerivedData/camera-dzsjgcxmiksdkugqocrwgelqbpbn/Build/Intermediates.noindex/camera.build/Debug-iphonesimulator/camera.build/camera.hmap

WriteAuxiliaryFile /Users/m2mini/Library/Developer/Xcode/DerivedData/camera-dzsjgcxmiksdkugqocrwgelqbpbn/Build/Intermediates.noindex/camera.build/Debug-iphonesimulator/camera.build/camera.DependencyStaticMetadataFileList (in target 'camera' from project 'camera')
    cd /Users/m2mini/Documents/GitHub/camera
    write-file /Users/m2mini/Library/Developer/Xcode/DerivedData/camera-dzsjgcxmiksdkugqocrwgelqbpbn/Build/Intermediates.noindex/camera.build/Debug-iphonesimulator/camera.build/camera.DependencyStaticMetadataFileList

WriteAuxiliaryFile /Users/m2mini/Library/Developer/Xcode/DerivedData/camera-dzsjgcxmiksdkugqocrwgelqbpbn/Build/Intermediates.noindex/camera.build/Debug-iphonesimulator/camera.build/camera-all-non-framework-target-headers.hmap (in target 'camera' from project 'camera')
    cd /Users/m2mini/Documents/GitHub/camera
    write-file /Users/m2mini/Library/Developer/Xcode/DerivedData/camera-dzsjgcxmiksdkugqocrwgelqbpbn/Build/Intermediates.noindex/camera.build/Debug-iphonesimulator/camera.build/camera-all-non-framework-target-headers.hmap

WriteAuxiliaryFile /Users/m2mini/Library/Developer/Xcode/DerivedData/camera-dzsjgcxmiksdkugqocrwgelqbpbn/Build/Intermediates.noindex/camera.build/Debug-iphonesimulator/camera.build/camera-DebugDylibPath-normal-arm64.txt (in target 'camera' from project 'camera')
    cd /Users/m2mini/Documents/GitHub/camera
    write-file /Users/m2mini/Library/Developer/Xcode/DerivedData/camera-dzsjgcxmiksdkugqocrwgelqbpbn/Build/Intermediates.noindex/camera.build/Debug-iphonesimulator/camera.build/camera-DebugDylibPath-normal-arm64.txt

WriteAuxiliaryFile /Users/m2mini/Library/Developer/Xcode/DerivedData/camera-dzsjgcxmiksdkugqocrwgelqbpbn/Build/Intermediates.noindex/camera.build/Debug-iphonesimulator/camera.build/camera-DebugDylibInstallName-normal-arm64.txt (in target 'camera' from project 'camera')
    cd /Users/m2mini/Documents/GitHub/camera
    write-file /Users/m2mini/Library/Developer/Xcode/DerivedData/camera-dzsjgcxmiksdkugqocrwgelqbpbn/Build/Intermediates.noindex/camera.build/Debug-iphonesimulator/camera.build/camera-DebugDylibInstallName-normal-arm64.txt

WriteAuxiliaryFile /Users/m2mini/Library/Developer/Xcode/DerivedData/camera-dzsjgcxmiksdkugqocrwgelqbpbn/Build/Intermediates.noindex/camera.build/Debug-iphonesimulator/camera.build/Objects-normal/arm64/camera_const_extract_protocols.json (in target 'camera' from project 'camera')
    cd /Users/m2mini/Documents/GitHub/camera
    write-file /Users/m2mini/Library/Developer/Xcode/DerivedData/camera-dzsjgcxmiksdkugqocrwgelqbpbn/Build/Intermediates.noindex/camera.build/Debug-iphonesimulator/camera.build/Objects-normal/arm64/camera_const_extract_protocols.json

WriteAuxiliaryFile /Users/m2mini/Library/Developer/Xcode/DerivedData/camera-dzsjgcxmiksdkugqocrwgelqbpbn/Build/Intermediates.noindex/camera.build/Debug-iphonesimulator/camera.build/Objects-normal/arm64/camera.SwiftFileList (in target 'camera' from project 'camera')
    cd /Users/m2mini/Documents/GitHub/camera
    write-file /Users/m2mini/Library/Developer/Xcode/DerivedData/camera-dzsjgcxmiksdkugqocrwgelqbpbn/Build/Intermediates.noindex/camera.build/Debug-iphonesimulator/camera.build/Objects-normal/arm64/camera.SwiftFileList

WriteAuxiliaryFile /Users/m2mini/Library/Developer/Xcode/DerivedData/camera-dzsjgcxmiksdkugqocrwgelqbpbn/Build/Intermediates.noindex/camera.build/Debug-iphonesimulator/camera.build/Objects-normal/arm64/camera.SwiftConstValuesFileList (in target 'camera' from project 'camera')
    cd /Users/m2mini/Documents/GitHub/camera
    write-file /Users/m2mini/Library/Developer/Xcode/DerivedData/camera-dzsjgcxmiksdkugqocrwgelqbpbn/Build/Intermediates.noindex/camera.build/Debug-iphonesimulator/camera.build/Objects-normal/arm64/camera.SwiftConstValuesFileList

WriteAuxiliaryFile /Users/m2mini/Library/Developer/Xcode/DerivedData/camera-dzsjgcxmiksdkugqocrwgelqbpbn/Build/Intermediates.noindex/camera.build/Debug-iphonesimulator/camera.build/Objects-normal/arm64/camera.LinkFileList (in target 'camera' from project 'camera')
    cd /Users/m2mini/Documents/GitHub/camera
    write-file /Users/m2mini/Library/Developer/Xcode/DerivedData/camera-dzsjgcxmiksdkugqocrwgelqbpbn/Build/Intermediates.noindex/camera.build/Debug-iphonesimulator/camera.build/Objects-normal/arm64/camera.LinkFileList

WriteAuxiliaryFile /Users/m2mini/Library/Developer/Xcode/DerivedData/camera-dzsjgcxmiksdkugqocrwgelqbpbn/Build/Intermediates.noindex/camera.build/Debug-iphonesimulator/camera.build/Objects-normal/arm64/camera-OutputFileMap.json (in target 'camera' from project 'camera')
    cd /Users/m2mini/Documents/GitHub/camera
    write-file /Users/m2mini/Library/Developer/Xcode/DerivedData/camera-dzsjgcxmiksdkugqocrwgelqbpbn/Build/Intermediates.noindex/camera.build/Debug-iphonesimulator/camera.build/Objects-normal/arm64/camera-OutputFileMap.json

MkDir /Users/m2mini/Library/Developer/Xcode/DerivedData/camera-dzsjgcxmiksdkugqocrwgelqbpbn/Build/Products/Debug-iphonesimulator/camera.app (in target 'camera' from project 'camera')
    cd /Users/m2mini/Documents/GitHub/camera
    /bin/mkdir -p /Users/m2mini/Library/Developer/Xcode/DerivedData/camera-dzsjgcxmiksdkugqocrwgelqbpbn/Build/Products/Debug-iphonesimulator/camera.app

WriteAuxiliaryFile /Users/m2mini/Library/Developer/Xcode/DerivedData/camera-dzsjgcxmiksdkugqocrwgelqbpbn/Build/Intermediates.noindex/camera.build/Debug-iphonesimulator/camera.build/DerivedSources/Entitlements-Simulated.plist (in target 'camera' from project 'camera')
    cd /Users/m2mini/Documents/GitHub/camera
    write-file /Users/m2mini/Library/Developer/Xcode/DerivedData/camera-dzsjgcxmiksdkugqocrwgelqbpbn/Build/Intermediates.noindex/camera.build/Debug-iphonesimulator/camera.build/DerivedSources/Entitlements-Simulated.plist

ValidateDevelopmentAssets /Users/m2mini/Library/Developer/Xcode/DerivedData/camera-dzsjgcxmiksdkugqocrwgelqbpbn/Build/Intermediates.noindex/camera.build/Debug-iphonesimulator/camera.build (in target 'camera' from project 'camera')
    cd /Users/m2mini/Documents/GitHub/camera
    builtin-validate-development-assets --validate YES_ERROR /Users/m2mini/Documents/GitHub/camera/camera/Preview\ Content

ProcessProductPackaging "" /Users/m2mini/Library/Developer/Xcode/DerivedData/camera-dzsjgcxmiksdkugqocrwgelqbpbn/Build/Intermediates.noindex/camera.build/Debug-iphonesimulator/camera.build/camera.app-Simulated.xcent (in target 'camera' from project 'camera')
    cd /Users/m2mini/Documents/GitHub/camera
    
    Entitlements:
    
    {
    "application-identifier" = "3B883XKLK8.com.spencershwetz.camera";
}
    
    builtin-productPackagingUtility -entitlements -format xml -o /Users/m2mini/Library/Developer/Xcode/DerivedData/camera-dzsjgcxmiksdkugqocrwgelqbpbn/Build/Intermediates.noindex/camera.build/Debug-iphonesimulator/camera.build/camera.app-Simulated.xcent

ProcessProductPackagingDER /Users/m2mini/Library/Developer/Xcode/DerivedData/camera-dzsjgcxmiksdkugqocrwgelqbpbn/Build/Intermediates.noindex/camera.build/Debug-iphonesimulator/camera.build/camera.app-Simulated.xcent /Users/m2mini/Library/Developer/Xcode/DerivedData/camera-dzsjgcxmiksdkugqocrwgelqbpbn/Build/Intermediates.noindex/camera.build/Debug-iphonesimulator/camera.build/camera.app-Simulated.xcent.der (in target 'camera' from project 'camera')
    cd /Users/m2mini/Documents/GitHub/camera
    /usr/bin/derq query -f xml -i /Users/m2mini/Library/Developer/Xcode/DerivedData/camera-dzsjgcxmiksdkugqocrwgelqbpbn/Build/Intermediates.noindex/camera.build/Debug-iphonesimulator/camera.build/camera.app-Simulated.xcent -o /Users/m2mini/Library/Developer/Xcode/DerivedData/camera-dzsjgcxmiksdkugqocrwgelqbpbn/Build/Intermediates.noindex/camera.build/Debug-iphonesimulator/camera.build/camera.app-Simulated.xcent.der --raw

Ld /Users/m2mini/Library/Developer/Xcode/DerivedData/camera-dzsjgcxmiksdkugqocrwgelqbpbn/Build/Products/Debug-iphonesimulator/camera.app/__preview.dylib normal (in target 'camera' from project 'camera')
    cd /Users/m2mini/Documents/GitHub/camera
    /Applications/Xcode.app/Contents/Developer/Toolchains/XcodeDefault.xctoolchain/usr/bin/clang -Xlinker -reproducible -target arm64-apple-ios18.2-simulator -dynamiclib -isysroot /Applications/Xcode.app/Contents/Developer/Platforms/iPhoneSimulator.platform/Developer/SDKs/iPhoneSimulator18.4.sdk -O0 -L/Users/m2mini/Library/Developer/Xcode/DerivedData/camera-dzsjgcxmiksdkugqocrwgelqbpbn/Build/Products/Debug-iphonesimulator -F/Users/m2mini/Library/Developer/Xcode/DerivedData/camera-dzsjgcxmiksdkugqocrwgelqbpbn/Build/Products/Debug-iphonesimulator -install_name @rpath/camera.debug.dylib -dead_strip -rdynamic -Xlinker -no_deduplicate -Xlinker -objc_abi_version -Xlinker 2 -Xlinker -dependency_info -Xlinker /Users/m2mini/Library/Developer/Xcode/DerivedData/camera-dzsjgcxmiksdkugqocrwgelqbpbn/Build/Intermediates.noindex/camera.build/Debug-iphonesimulator/camera.build/Objects-normal/arm64/camera_dependency_info.dat -Xlinker -sectcreate -Xlinker __TEXT -Xlinker __entitlements -Xlinker /Users/m2mini/Library/Developer/Xcode/DerivedData/camera-dzsjgcxmiksdkugqocrwgelqbpbn/Build/Intermediates.noindex/camera.build/Debug-iphonesimulator/camera.build/camera.app-Simulated.xcent -Xlinker -sectcreate -Xlinker __TEXT -Xlinker __ents_der -Xlinker /Users/m2mini/Library/Developer/Xcode/DerivedData/camera-dzsjgcxmiksdkugqocrwgelqbpbn/Build/Intermediates.noindex/camera.build/Debug-iphonesimulator/camera.build/camera.app-Simulated.xcent.der -Xlinker -no_adhoc_codesign -o /Users/m2mini/Library/Developer/Xcode/DerivedData/camera-dzsjgcxmiksdkugqocrwgelqbpbn/Build/Products/Debug-iphonesimulator/camera.app/__preview.dylib

MkDir /Users/m2mini/Library/Developer/Xcode/DerivedData/camera-dzsjgcxmiksdkugqocrwgelqbpbn/Build/Intermediates.noindex/camera.build/Debug-iphonesimulator/camera.build/assetcatalog_output/thinned (in target 'camera' from project 'camera')
    cd /Users/m2mini/Documents/GitHub/camera
    /bin/mkdir -p /Users/m2mini/Library/Developer/Xcode/DerivedData/camera-dzsjgcxmiksdkugqocrwgelqbpbn/Build/Intermediates.noindex/camera.build/Debug-iphonesimulator/camera.build/assetcatalog_output/thinned

DataModelCompile /Users/m2mini/Library/Developer/Xcode/DerivedData/camera-dzsjgcxmiksdkugqocrwgelqbpbn/Build/Products/Debug-iphonesimulator/camera.app/ /Users/m2mini/Documents/GitHub/camera/camera/camera.xcdatamodeld (in target 'camera' from project 'camera')
    cd /Users/m2mini/Documents/GitHub/camera
    /Applications/Xcode.app/Contents/Developer/usr/bin/momc --sdkroot /Applications/Xcode.app/Contents/Developer/Platforms/iPhoneSimulator.platform/Developer/SDKs/iPhoneSimulator18.4.sdk --iphonesimulator-deployment-target 18.2 --module camera /Users/m2mini/Documents/GitHub/camera/camera/camera.xcdatamodeld /Users/m2mini/Library/Developer/Xcode/DerivedData/camera-dzsjgcxmiksdkugqocrwgelqbpbn/Build/Products/Debug-iphonesimulator/camera.app/
camera.xcdatamodel: note: Model camera version checksum: VNIRJOjhqmU35OF02buOyYQnU/0ToUzUMpGW5jvR3Ic=

GenerateAssetSymbols /Users/m2mini/Documents/GitHub/camera/camera/Assets.xcassets /Users/m2mini/Documents/GitHub/camera/camera/Preview\ Content/Preview\ Assets.xcassets (in target 'camera' from project 'camera')
    cd /Users/m2mini/Documents/GitHub/camera
    /Applications/Xcode.app/Contents/Developer/usr/bin/actool /Users/m2mini/Documents/GitHub/camera/camera/Assets.xcassets /Users/m2mini/Documents/GitHub/camera/camera/Preview\ Content/Preview\ Assets.xcassets --compile /Users/m2mini/Library/Developer/Xcode/DerivedData/camera-dzsjgcxmiksdkugqocrwgelqbpbn/Build/Products/Debug-iphonesimulator/camera.app --output-format human-readable-text --notices --warnings --export-dependency-info /Users/m2mini/Library/Developer/Xcode/DerivedData/camera-dzsjgcxmiksdkugqocrwgelqbpbn/Build/Intermediates.noindex/camera.build/Debug-iphonesimulator/camera.build/assetcatalog_dependencies --output-partial-info-plist /Users/m2mini/Library/Developer/Xcode/DerivedData/camera-dzsjgcxmiksdkugqocrwgelqbpbn/Build/Intermediates.noindex/camera.build/Debug-iphonesimulator/camera.build/assetcatalog_generated_info.plist --app-icon AppIcon --accent-color AccentColor --compress-pngs --enable-on-demand-resources YES --development-region en --target-device iphone --target-device ipad --minimum-deployment-target 18.2 --platform iphonesimulator --bundle-identifier com.spencershwetz.camera --generate-swift-asset-symbols /Users/m2mini/Library/Developer/Xcode/DerivedData/camera-dzsjgcxmiksdkugqocrwgelqbpbn/Build/Intermediates.noindex/camera.build/Debug-iphonesimulator/camera.build/DerivedSources/GeneratedAssetSymbols.swift --generate-objc-asset-symbols /Users/m2mini/Library/Developer/Xcode/DerivedData/camera-dzsjgcxmiksdkugqocrwgelqbpbn/Build/Intermediates.noindex/camera.build/Debug-iphonesimulator/camera.build/DerivedSources/GeneratedAssetSymbols.h --generate-asset-symbol-index /Users/m2mini/Library/Developer/Xcode/DerivedData/camera-dzsjgcxmiksdkugqocrwgelqbpbn/Build/Intermediates.noindex/camera.build/Debug-iphonesimulator/camera.build/DerivedSources/GeneratedAssetSymbols-Index.plist
/* com.apple.actool.compilation-results */
/Users/m2mini/Library/Developer/Xcode/DerivedData/camera-dzsjgcxmiksdkugqocrwgelqbpbn/Build/Intermediates.noindex/camera.build/Debug-iphonesimulator/camera.build/DerivedSources/GeneratedAssetSymbols-Index.plist
/Users/m2mini/Library/Developer/Xcode/DerivedData/camera-dzsjgcxmiksdkugqocrwgelqbpbn/Build/Intermediates.noindex/camera.build/Debug-iphonesimulator/camera.build/DerivedSources/GeneratedAssetSymbols.h
/Users/m2mini/Library/Developer/Xcode/DerivedData/camera-dzsjgcxmiksdkugqocrwgelqbpbn/Build/Intermediates.noindex/camera.build/Debug-iphonesimulator/camera.build/DerivedSources/GeneratedAssetSymbols.swift


MkDir /Users/m2mini/Library/Developer/Xcode/DerivedData/camera-dzsjgcxmiksdkugqocrwgelqbpbn/Build/Intermediates.noindex/camera.build/Debug-iphonesimulator/camera.build/assetcatalog_output/unthinned (in target 'camera' from project 'camera')
    cd /Users/m2mini/Documents/GitHub/camera
    /bin/mkdir -p /Users/m2mini/Library/Developer/Xcode/DerivedData/camera-dzsjgcxmiksdkugqocrwgelqbpbn/Build/Intermediates.noindex/camera.build/Debug-iphonesimulator/camera.build/assetcatalog_output/unthinned

CompileAssetCatalogVariant thinned /Users/m2mini/Library/Developer/Xcode/DerivedData/camera-dzsjgcxmiksdkugqocrwgelqbpbn/Build/Products/Debug-iphonesimulator/camera.app /Users/m2mini/Documents/GitHub/camera/camera/Assets.xcassets /Users/m2mini/Documents/GitHub/camera/camera/Preview\ Content/Preview\ Assets.xcassets (in target 'camera' from project 'camera')
    cd /Users/m2mini/Documents/GitHub/camera
    /Applications/Xcode.app/Contents/Developer/usr/bin/actool /Users/m2mini/Documents/GitHub/camera/camera/Assets.xcassets /Users/m2mini/Documents/GitHub/camera/camera/Preview\ Content/Preview\ Assets.xcassets --compile /Users/m2mini/Library/Developer/Xcode/DerivedData/camera-dzsjgcxmiksdkugqocrwgelqbpbn/Build/Intermediates.noindex/camera.build/Debug-iphonesimulator/camera.build/assetcatalog_output/thinned --output-format human-readable-text --notices --warnings --export-dependency-info /Users/m2mini/Library/Developer/Xcode/DerivedData/camera-dzsjgcxmiksdkugqocrwgelqbpbn/Build/Intermediates.noindex/camera.build/Debug-iphonesimulator/camera.build/assetcatalog_dependencies_thinned --output-partial-info-plist /Users/m2mini/Library/Developer/Xcode/DerivedData/camera-dzsjgcxmiksdkugqocrwgelqbpbn/Build/Intermediates.noindex/camera.build/Debug-iphonesimulator/camera.build/assetcatalog_generated_info.plist_thinned --app-icon AppIcon --accent-color AccentColor --compress-pngs --enable-on-demand-resources YES --filter-for-thinning-device-configuration iPhone17,1 --filter-for-device-os-version 18.4 --development-region en --target-device iphone --target-device ipad --minimum-deployment-target 18.2 --platform iphonesimulator
/* com.apple.actool.compilation-results */
/Users/m2mini/Library/Developer/Xcode/DerivedData/camera-dzsjgcxmiksdkugqocrwgelqbpbn/Build/Intermediates.noindex/camera.build/Debug-iphonesimulator/camera.build/assetcatalog_generated_info.plist_thinned


DataModelCodegen /Users/m2mini/Documents/GitHub/camera/camera/camera.xcdatamodeld (in target 'camera' from project 'camera')
    cd /Users/m2mini/Documents/GitHub/camera
    /Applications/Xcode.app/Contents/Developer/usr/bin/momc --action generate --swift-version 5.0 --sdkroot /Applications/Xcode.app/Contents/Developer/Platforms/iPhoneSimulator.platform/Developer/SDKs/iPhoneSimulator18.4.sdk --iphonesimulator-deployment-target 18.2 --module camera /Users/m2mini/Documents/GitHub/camera/camera/camera.xcdatamodeld /Users/m2mini/Library/Developer/Xcode/DerivedData/camera-dzsjgcxmiksdkugqocrwgelqbpbn/Build/Intermediates.noindex/camera.build/Debug-iphonesimulator/camera.build/DerivedSources/CoreDataGenerated/camera

SwiftDriver camera normal arm64 com.apple.xcode.tools.swift.compiler (in target 'camera' from project 'camera')
    cd /Users/m2mini/Documents/GitHub/camera
    builtin-SwiftDriver -- /Applications/Xcode.app/Contents/Developer/Toolchains/XcodeDefault.xctoolchain/usr/bin/swiftc -module-name camera -Onone -enforce-exclusivity\=checked @/Users/m2mini/Library/Developer/Xcode/DerivedData/camera-dzsjgcxmiksdkugqocrwgelqbpbn/Build/Intermediates.noindex/camera.build/Debug-iphonesimulator/camera.build/Objects-normal/arm64/camera.SwiftFileList -DDEBUG -enable-bare-slash-regex -enable-experimental-feature DebugDescriptionMacro -sdk /Applications/Xcode.app/Contents/Developer/Platforms/iPhoneSimulator.platform/Developer/SDKs/iPhoneSimulator18.4.sdk -target arm64-apple-ios18.2-simulator -g -module-cache-path /Users/m2mini/Library/Developer/Xcode/DerivedData/ModuleCache.noindex -Xfrontend -serialize-debugging-options -enable-testing -index-store-path /Users/m2mini/Library/Developer/Xcode/DerivedData/camera-dzsjgcxmiksdkugqocrwgelqbpbn/Index.noindex/DataStore -swift-version 5 -I /Users/m2mini/Library/Developer/Xcode/DerivedData/camera-dzsjgcxmiksdkugqocrwgelqbpbn/Build/Products/Debug-iphonesimulator -F /Users/m2mini/Library/Developer/Xcode/DerivedData/camera-dzsjgcxmiksdkugqocrwgelqbpbn/Build/Products/Debug-iphonesimulator -emit-localized-strings -emit-localized-strings-path /Users/m2mini/Library/Developer/Xcode/DerivedData/camera-dzsjgcxmiksdkugqocrwgelqbpbn/Build/Intermediates.noindex/camera.build/Debug-iphonesimulator/camera.build/Objects-normal/arm64 -c -j10 -enable-batch-mode -incremental -Xcc -ivfsstatcache -Xcc /Users/m2mini/Library/Developer/Xcode/DerivedData/SDKStatCaches.noindex/iphonesimulator18.4-22E235-71825a6d136aa4733edcbe86ece5525b.sdkstatcache -output-file-map /Users/m2mini/Library/Developer/Xcode/DerivedData/camera-dzsjgcxmiksdkugqocrwgelqbpbn/Build/Intermediates.noindex/camera.build/Debug-iphonesimulator/camera.build/Objects-normal/arm64/camera-OutputFileMap.json -use-frontend-parseable-output -save-temps -no-color-diagnostics -serialize-diagnostics -emit-dependencies -emit-module -emit-module-path /Users/m2mini/Library/Developer/Xcode/DerivedData/camera-dzsjgcxmiksdkugqocrwgelqbpbn/Build/Intermediates.noindex/camera.build/Debug-iphonesimulator/camera.build/Objects-normal/arm64/camera.swiftmodule -validate-clang-modules-once -clang-build-session-file /Users/m2mini/Library/Developer/Xcode/DerivedData/ModuleCache.noindex/Session.modulevalidation -Xcc -I/Users/m2mini/Library/Developer/Xcode/DerivedData/camera-dzsjgcxmiksdkugqocrwgelqbpbn/Build/Intermediates.noindex/camera.build/Debug-iphonesimulator/camera.build/swift-overrides.hmap -emit-const-values -Xfrontend -const-gather-protocols-file -Xfrontend /Users/m2mini/Library/Developer/Xcode/DerivedData/camera-dzsjgcxmiksdkugqocrwgelqbpbn/Build/Intermediates.noindex/camera.build/Debug-iphonesimulator/camera.build/Objects-normal/arm64/camera_const_extract_protocols.json -Xcc -iquote -Xcc /Users/m2mini/Library/Developer/Xcode/DerivedData/camera-dzsjgcxmiksdkugqocrwgelqbpbn/Build/Intermediates.noindex/camera.build/Debug-iphonesimulator/camera.build/camera-generated-files.hmap -Xcc -I/Users/m2mini/Library/Developer/Xcode/DerivedData/camera-dzsjgcxmiksdkugqocrwgelqbpbn/Build/Intermediates.noindex/camera.build/Debug-iphonesimulator/camera.build/camera-own-target-headers.hmap -Xcc -I/Users/m2mini/Library/Developer/Xcode/DerivedData/camera-dzsjgcxmiksdkugqocrwgelqbpbn/Build/Intermediates.noindex/camera.build/Debug-iphonesimulator/camera.build/camera-all-target-headers.hmap -Xcc -iquote -Xcc /Users/m2mini/Library/Developer/Xcode/DerivedData/camera-dzsjgcxmiksdkugqocrwgelqbpbn/Build/Intermediates.noindex/camera.build/Debug-iphonesimulator/camera.build/camera-project-headers.hmap -Xcc -I/Users/m2mini/Library/Developer/Xcode/DerivedData/camera-dzsjgcxmiksdkugqocrwgelqbpbn/Build/Products/Debug-iphonesimulator/include -Xcc -I/Users/m2mini/Library/Developer/Xcode/DerivedData/camera-dzsjgcxmiksdkugqocrwgelqbpbn/Build/Intermediates.noindex/camera.build/Debug-iphonesimulator/camera.build/DerivedSources-normal/arm64 -Xcc -I/Users/m2mini/Library/Developer/Xcode/DerivedData/camera-dzsjgcxmiksdkugqocrwgelqbpbn/Build/Intermediates.noindex/camera.build/Debug-iphonesimulator/camera.build/DerivedSources/arm64 -Xcc -I/Users/m2mini/Library/Developer/Xcode/DerivedData/camera-dzsjgcxmiksdkugqocrwgelqbpbn/Build/Intermediates.noindex/camera.build/Debug-iphonesimulator/camera.build/DerivedSources -Xcc -DDEBUG\=1 -emit-objc-header -emit-objc-header-path /Users/m2mini/Library/Developer/Xcode/DerivedData/camera-dzsjgcxmiksdkugqocrwgelqbpbn/Build/Intermediates.noindex/camera.build/Debug-iphonesimulator/camera.build/Objects-normal/arm64/camera-Swift.h -working-directory /Users/m2mini/Documents/GitHub/camera -experimental-emit-module-separately -disable-cmo

SwiftCompile normal arm64 Compiling\ UIDeviceOrientation+Extensions.swift,\ cameraApp.swift,\ ExposureService.swift,\ LensSelectionView.swift /Users/m2mini/Documents/GitHub/camera/camera/Core/Extensions/UIDeviceOrientation+Extensions.swift /Users/m2mini/Documents/GitHub/camera/camera/cameraApp.swift /Users/m2mini/Documents/GitHub/camera/camera/Features/Camera/Services/ExposureService.swift /Users/m2mini/Documents/GitHub/camera/camera/Features/Camera/Views/LensSelectionView.swift (in target 'camera' from project 'camera')
SwiftCompile normal arm64 /Users/m2mini/Documents/GitHub/camera/camera/Core/Extensions/UIDeviceOrientation+Extensions.swift (in target 'camera' from project 'camera')
    cd /Users/m2mini/Documents/GitHub/camera
    
